<?xml version="1.0" encoding="UTF-8"?>
<robot generator="Robot 3.1.2 (Python 3.8.2 on win32)" generated="20200420 22:35:06.839" rpa="false">
<suite id="s1" name="Login" source="c:\robocamp\ninjapixel\tests\login.robot">
<test id="s1-t1" name="Login com sucesso">
<kw name="Dado que eu acesso a página de login">
<kw name="Open Browser" library="SeleniumLibrary">
<doc>Opens a new browser instance to the optional ``url``.</doc>
<arguments>
<arg>http://pixel-web:3000/login</arg>
<arg>chrome</arg>
</arguments>
<msg timestamp="20200420 22:35:07.136" level="INFO">Opening browser 'chrome' to base url 'http://pixel-web:3000/login'.</msg>
<status status="PASS" starttime="20200420 22:35:07.136" endtime="20200420 22:35:12.697"></status>
</kw>
<status status="PASS" starttime="20200420 22:35:07.136" endtime="20200420 22:35:12.698"></status>
</kw>
<kw name="Quando eu submeto minhas credenciais &quot;papito@ninjapixel.com&quot; e &quot;pwd123&quot;">
<kw name="Input Text" library="SeleniumLibrary">
<doc>Types the given ``text`` into the text field identified by ``locator``.</doc>
<arguments>
<arg>id:emailId</arg>
<arg>${email}</arg>
</arguments>
<msg timestamp="20200420 22:35:12.710" level="INFO">Typing text 'papito@ninjapixel.com' into text field 'id:emailId'.</msg>
<status status="PASS" starttime="20200420 22:35:12.710" endtime="20200420 22:35:13.241"></status>
</kw>
<kw name="Input Text" library="SeleniumLibrary">
<doc>Types the given ``text`` into the text field identified by ``locator``.</doc>
<arguments>
<arg>id:passId</arg>
<arg>${pass}</arg>
</arguments>
<msg timestamp="20200420 22:35:13.241" level="INFO">Typing text 'pwd123' into text field 'id:passId'.</msg>
<status status="PASS" starttime="20200420 22:35:13.241" endtime="20200420 22:35:13.428"></status>
</kw>
<kw name="Click Element" library="SeleniumLibrary">
<doc>Click the element identified by ``locator``.</doc>
<arguments>
<arg>class:btn</arg>
</arguments>
<msg timestamp="20200420 22:35:13.428" level="INFO">Clicking element 'class:btn'.</msg>
<status status="PASS" starttime="20200420 22:35:13.428" endtime="20200420 22:35:13.564"></status>
</kw>
<status status="PASS" starttime="20200420 22:35:12.710" endtime="20200420 22:35:13.564"></status>
</kw>
<kw name="Entao devo ser autenticado">
<kw name="Wait Until Page Contains" library="SeleniumLibrary">
<doc>Waits until ``text`` appears on the current page.</doc>
<arguments>
<arg>Papito</arg>
</arguments>
<status status="PASS" starttime="20200420 22:35:13.643" endtime="20200420 22:35:13.722"></status>
</kw>
<kw name="Close Browser" library="SeleniumLibrary">
<doc>Closes the current browser.</doc>
<status status="PASS" starttime="20200420 22:35:13.722" endtime="20200420 22:35:16.211"></status>
</kw>
<status status="PASS" starttime="20200420 22:35:13.643" endtime="20200420 22:35:16.211"></status>
</kw>
<status status="PASS" starttime="20200420 22:35:07.135" endtime="20200420 22:35:16.212" critical="yes"></status>
</test>
<doc>Login
Sendo um administrador de catálogo
Quero me autenticar no sistema
Para que eu possa gerenciar o catálogo de produtos</doc>
<status status="PASS" starttime="20200420 22:35:06.840" endtime="20200420 22:35:16.213"></status>
</suite>
<statistics>
<total>
<stat pass="1" fail="0">Critical Tests</stat>
<stat pass="1" fail="0">All Tests</stat>
</total>
<tag>
</tag>
<suite>
<stat pass="1" fail="0" id="s1" name="Login">Login</stat>
</suite>
</statistics>
<errors>
</errors>
</robot>
